/usr/bin/ld: ../src/libTasks.so.1.8.1: undefined reference to `fmt::v8::detail::error_handler::on_error(char const*)'
/usr/bin/ld: ../src/libTasks.so.1.8.1: undefined reference to `int fmt::v8::detail::snprintf_float<double>(double, int, fmt::v8::detail::float_specs, fmt::v8::detail::buffer<char>&)'
/usr/bin/ld: ../src/libTasks.so.1.8.1: undefined reference to `fmt::v8::detail::thousands_sep_result<char> fmt::v8::detail::thousands_sep_impl<char>(fmt::v8::detail::locale_ref)'
/usr/bin/ld: ../src/libTasks.so.1.8.1: undefined reference to `char fmt::v8::detail::decimal_point_impl<char>(fmt::v8::detail::locale_ref)'
/usr/bin/ld: ../src/libTasks.so.1.8.1: undefined reference to `fmt::v8::detail::dragonbox::decimal_fp<float> fmt::v8::detail::dragonbox::to_decimal<float>(float)'
/usr/bin/ld: ../src/libTasks.so.1.8.1: undefined reference to `int fmt::v8::detail::snprintf_float<long double>(long double, int, fmt::v8::detail::float_specs, fmt::v8::detail::buffer<char>&)'
/usr/bin/ld: ../src/libTasks.so.1.8.1: undefined reference to `fmt::v8::detail::assert_fail(char const*, int, char const*)'
/usr/bin/ld: ../src/libTasks.so.1.8.1: undefined reference to `fmt::v8::detail::dragonbox::decimal_fp<double> fmt::v8::detail::dragonbox::to_decimal<double>(double)'
/usr/bin/ld: ../src/libTasks.so.1.8.1: undefined reference to `fmt::v8::detail::throw_format_error(char const*)'
/usr/bin/ld: ../src/libTasks.so.1.8.1: undefined reference to `int fmt::v8::detail::format_float<double>(double, int, fmt::v8::detail::float_specs, fmt::v8::detail::buffer<char>&)'
/usr/bin/ld: ../src/libTasks.so.1.8.1: undefined reference to `int fmt::v8::detail::format_float<long double>(long double, int, fmt::v8::detail::float_specs, fmt::v8::detail::buffer<char>&)'
collect2: error: ld returned 1 exit status
gmake[2]: *** [tests/CMakeFiles/AllocationTest.dir/build.make:111: tests/AllocationTest] Error 1
gmake[1]: *** [CMakeFiles/Makefile2:1816: tests/CMakeFiles/AllocationTest.dir/all] Error 2
gmake[1]: *** Waiting for unfinished jobs....
/usr/bin/ld: ../src/libTasks.so.1.8.1: undefined reference to `fmt::v8::detail::error_handler::on_error(char const*)'
/usr/bin/ld: ../src/libTasks.so.1.8.1: undefined reference to `int fmt::v8::detail::snprintf_float<double>(double, int, fmt::v8::detail::float_specs, fmt::v8::detail::buffer<char>&)'
/usr/bin/ld: ../src/libTasks.so.1.8.1: undefined reference to `fmt::v8::detail::thousands_sep_result<char> fmt::v8::detail::thousands_sep_impl<char>(fmt::v8::detail::locale_ref)'
/usr/bin/ld: ../src/libTasks.so.1.8.1: undefined reference to `char fmt::v8::detail::decimal_point_impl<char>(fmt::v8::detail::locale_ref)'
/usr/bin/ld: ../src/libTasks.so.1.8.1: undefined reference to `fmt::v8::detail::dragonbox::decimal_fp<float> fmt::v8::detail::dragonbox::to_decimal<float>(float)'
/usr/bin/ld: ../src/libTasks.so.1.8.1: undefined reference to `int fmt::v8::detail::snprintf_float<long double>(long double, int, fmt::v8::detail::float_specs, fmt::v8::detail::buffer<char>&)'
/usr/bin/ld: ../src/libTasks.so.1.8.1: undefined reference to `fmt::v8::detail::assert_fail(char const*, int, char const*)'
/usr/bin/ld: ../src/libTasks.so.1.8.1: undefined reference to `fmt::v8::detail::dragonbox::decimal_fp<double> fmt::v8::detail::dragonbox::to_decimal<double>(double)'
/usr/bin/ld: ../src/libTasks.so.1.8.1: undefined reference to `fmt::v8::detail::throw_format_error(char const*)'
/usr/bin/ld: ../src/libTasks.so.1.8.1: undefined reference to `int fmt::v8::detail::format_float<double>(double, int, fmt::v8::detail::float_specs, fmt::v8::detail::buffer<char>&)'
/usr/bin/ld: ../src/libTasks.so.1.8.1: undefined reference to `int fmt::v8::detail::format_float<long double>(long double, int, fmt::v8::detail::float_specs, fmt::v8::detail::buffer<char>&)'
collect2: error: ld returned 1 exit status
gmake[2]: *** [tests/CMakeFiles/TasksTest.dir/build.make:111: tests/TasksTest] Error 1
gmake[1]: *** [CMakeFiles/Makefile2:1784: tests/CMakeFiles/TasksTest.dir/all] Error 2
/usr/bin/ld: ../src/libTasks.so.1.8.1: undefined reference to `fmt::v8::detail::error_handler::on_error(char const*)'
/usr/bin/ld: ../src/libTasks.so.1.8.1: undefined reference to `int fmt::v8::detail::snprintf_float<double>(double, int, fmt::v8::detail::float_specs, fmt::v8::detail::buffer<char>&)'
/usr/bin/ld: ../src/libTasks.so.1.8.1: undefined reference to `fmt::v8::detail::thousands_sep_result<char> fmt::v8::detail::thousands_sep_impl<char>(fmt::v8::detail::locale_ref)'
/usr/bin/ld: ../src/libTasks.so.1.8.1: undefined reference to `char fmt::v8::detail::decimal_point_impl<char>(fmt::v8::detail::locale_ref)'
/usr/bin/ld: ../src/libTasks.so.1.8.1: undefined reference to `fmt::v8::detail::dragonbox::decimal_fp<float> fmt::v8::detail::dragonbox::to_decimal<float>(float)'
/usr/bin/ld: ../src/libTasks.so.1.8.1: undefined reference to `int fmt::v8::detail::snprintf_float<long double>(long double, int, fmt::v8::detail::float_specs, fmt::v8::detail::buffer<char>&)'
/usr/bin/ld: ../src/libTasks.so.1.8.1: undefined reference to `fmt::v8::detail::assert_fail(char const*, int, char const*)'
/usr/bin/ld: ../src/libTasks.so.1.8.1: undefined reference to `fmt::v8::detail::dragonbox::decimal_fp<double> fmt::v8::detail::dragonbox::to_decimal<double>(double)'
/usr/bin/ld: ../src/libTasks.so.1.8.1: undefined reference to `fmt::v8::detail::error_handler::on_error(char const*)'
/usr/bin/ld: ../src/libTasks.so.1.8.1: undefined reference to `fmt::v8::detail::throw_format_error(char const*)'
/usr/bin/ld: ../src/libTasks.so.1.8.1: undefined reference to `int fmt::v8::detail::snprintf_float<double>(double, int, fmt::v8::detail::float_specs, fmt::v8::detail::buffer<char>&)'
/usr/bin/ld: ../src/libTasks.so.1.8.1: undefined reference to `int fmt::v8::detail::format_float<double>(double, int, fmt::v8::detail::float_specs, fmt::v8::detail::buffer<char>&)'
/usr/bin/ld: ../src/libTasks.so.1.8.1: undefined reference to `int fmt::v8::detail::format_float<long double>(long double, int, fmt::v8::detail::float_specs, fmt::v8::detail::buffer<char>&)'
/usr/bin/ld: ../src/libTasks.so.1.8.1: undefined reference to `fmt::v8::detail::thousands_sep_result<char> fmt::v8::detail::thousands_sep_impl<char>(fmt::v8::detail::locale_ref)'
/usr/bin/ld: ../src/libTasks.so.1.8.1: undefined reference to `char fmt::v8::detail::decimal_point_impl<char>(fmt::v8::detail::locale_ref)'
/usr/bin/ld: ../src/libTasks.so.1.8.1: undefined reference to `fmt::v8::detail::dragonbox::decimal_fp<float> fmt::v8::detail::dragonbox::to_decimal<float>(float)'
/usr/bin/ld: ../src/libTasks.so.1.8.1: undefined reference to `int fmt::v8::detail::snprintf_float<long double>(long double, int, fmt::v8::detail::float_specs, fmt::v8::detail::buffer<char>&)'
/usr/bin/ld: ../src/libTasks.so.1.8.1: undefined reference to `fmt::v8::detail::assert_fail(char const*, int, char const*)'
/usr/bin/ld: ../src/libTasks.so.1.8.1: undefined reference to `fmt::v8::detail::dragonbox::decimal_fp<double> fmt::v8::detail::dragonbox::to_decimal<double>(double)'
/usr/bin/ld: ../src/libTasks.so.1.8.1: undefined reference to `fmt::v8::detail::throw_format_error(char const*)'
/usr/bin/ld: ../src/libTasks.so.1.8.1: undefined reference to `int fmt::v8::detail::format_float<double>(double, int, fmt::v8::detail::float_specs, fmt::v8::detail::buffer<char>&)'
/usr/bin/ld: ../src/libTasks.so.1.8.1: undefined reference to `int fmt::v8::detail::format_float<long double>(long double, int, fmt::v8::detail::float_specs, fmt::v8::detail::buffer<char>&)'
collect2: error: ld returned 1 exit status
gmake[2]: *** [tests/CMakeFiles/QPMultiRobotTest.dir/build.make:111: tests/QPMultiRobotTest] Error 1
gmake[1]: *** [CMakeFiles/Makefile2:1752: tests/CMakeFiles/QPMultiRobotTest.dir/all] Error 2
collect2: error: ld returned 1 exit status
gmake[2]: *** [tests/CMakeFiles/QPSolverTest.dir/build.make:111: tests/QPSolverTest] Error 1
gmake[1]: *** [CMakeFiles/Makefile2:1720: tests/CMakeFiles/QPSolverTest.dir/all] Error 2
gmake: *** [Makefile:149: all] Error 2
