[0.065s] DEBUG:colcon:Command line arguments: ['/usr/bin/colcon', 'build', '--merge-install']
[0.065s] DEBUG:colcon:Parsed command line arguments: Namespace(log_base=None, log_level=None, verb_name='build', build_base='build', install_base='install', merge_install=True, symlink_install=False, test_result_base=None, continue_on_error=False, executor='parallel', parallel_workers=22, event_handlers=None, ignore_user_meta=False, metas=['./colcon.meta'], base_paths=['.'], packages_ignore=None, packages_ignore_regex=None, paths=None, packages_up_to=None, packages_up_to_regex=None, packages_above=None, packages_above_and_dependencies=None, packages_above_depth=None, packages_select_by_dep=None, packages_skip_by_dep=None, packages_skip_up_to=None, packages_select_build_failed=False, packages_skip_build_finished=False, packages_select_test_failures=False, packages_skip_test_passed=False, packages_select=None, packages_skip=None, packages_select_regex=None, packages_skip_regex=None, packages_start=None, packages_end=None, cmake_args=None, cmake_target=None, cmake_target_skip_unavailable=False, cmake_clean_cache=False, cmake_clean_first=False, cmake_force_configure=False, ament_cmake_args=None, catkin_cmake_args=None, catkin_skip_building_tests=False, verb_parser=<colcon_defaults.argument_parser.defaults.DefaultArgumentsDecorator object at 0x7a1591052ad0>, verb_extension=<colcon_core.verb.build.BuildVerb object at 0x7a15910143d0>, main=<bound method BuildVerb.main of <colcon_core.verb.build.BuildVerb object at 0x7a15910143d0>>)
[0.188s] Level 1:colcon.colcon_core.package_discovery:discover_packages(colcon_meta) check parameters
[0.188s] Level 1:colcon.colcon_core.package_discovery:discover_packages(recursive) check parameters
[0.188s] Level 1:colcon.colcon_core.package_discovery:discover_packages(ignore) check parameters
[0.188s] Level 1:colcon.colcon_core.package_discovery:discover_packages(path) check parameters
[0.188s] Level 1:colcon.colcon_core.package_discovery:discover_packages(colcon_meta) discover
[0.188s] Level 1:colcon.colcon_core.package_discovery:discover_packages(recursive) discover
[0.189s] INFO:colcon.colcon_core.package_discovery:Crawling recursively for packages in '/home/celian/workspace/src/Tasks'
[0.189s] Level 1:colcon.colcon_core.package_identification:_identify(.) by extensions ['ignore', 'ignore_ament_install']
[0.189s] Level 1:colcon.colcon_core.package_identification:_identify(.) by extension 'ignore'
[0.189s] Level 1:colcon.colcon_core.package_identification:_identify(.) by extension 'ignore_ament_install'
[0.189s] Level 1:colcon.colcon_core.package_identification:_identify(.) by extensions ['colcon_pkg']
[0.189s] Level 1:colcon.colcon_core.package_identification:_identify(.) by extension 'colcon_pkg'
[0.189s] Level 1:colcon.colcon_core.package_identification:_identify(.) by extensions ['colcon_meta']
[0.189s] Level 1:colcon.colcon_core.package_identification:_identify(.) by extension 'colcon_meta'
[0.189s] Level 1:colcon.colcon_core.package_identification:_identify(.) by extensions ['ros']
[0.189s] Level 1:colcon.colcon_core.package_identification:_identify(.) by extension 'ros'
[0.196s] Level 1:colcon.colcon_core.package_identification:_identify(.) by extensions ['cmake', 'python']
[0.196s] Level 1:colcon.colcon_core.package_identification:_identify(.) by extension 'cmake'
[0.231s] Level 1:colcon.colcon_core.package_identification:_identify(.) by extension 'python'
[0.231s] DEBUG:colcon.colcon_core.package_identification:Package '.' with type 'cmake' and name 'Tasks'
[0.231s] Level 1:colcon.colcon_core.package_discovery:discover_packages(recursive) using defaults
[0.231s] Level 1:colcon.colcon_core.package_discovery:discover_packages(ignore) discover
[0.231s] Level 1:colcon.colcon_core.package_discovery:discover_packages(ignore) using defaults
[0.231s] Level 1:colcon.colcon_core.package_discovery:discover_packages(path) discover
[0.231s] Level 1:colcon.colcon_core.package_discovery:discover_packages(path) using defaults
[0.245s] Level 5:colcon.colcon_core.verb:set package 'Tasks' build argument 'cmake_args' from command line to 'None'
[0.245s] Level 5:colcon.colcon_core.verb:set package 'Tasks' build argument 'cmake_target' from command line to 'None'
[0.245s] Level 5:colcon.colcon_core.verb:set package 'Tasks' build argument 'cmake_target_skip_unavailable' from command line to 'False'
[0.245s] Level 5:colcon.colcon_core.verb:set package 'Tasks' build argument 'cmake_clean_cache' from command line to 'False'
[0.245s] Level 5:colcon.colcon_core.verb:set package 'Tasks' build argument 'cmake_clean_first' from command line to 'False'
[0.245s] Level 5:colcon.colcon_core.verb:set package 'Tasks' build argument 'cmake_force_configure' from command line to 'False'
[0.245s] Level 5:colcon.colcon_core.verb:set package 'Tasks' build argument 'ament_cmake_args' from command line to 'None'
[0.245s] Level 5:colcon.colcon_core.verb:set package 'Tasks' build argument 'catkin_cmake_args' from command line to 'None'
[0.245s] Level 5:colcon.colcon_core.verb:set package 'Tasks' build argument 'catkin_skip_building_tests' from command line to 'False'
[0.245s] DEBUG:colcon.colcon_core.verb:Building package 'Tasks' with the following arguments: {'ament_cmake_args': None, 'build_base': '/home/celian/workspace/src/Tasks/build/Tasks', 'catkin_cmake_args': None, 'catkin_skip_building_tests': False, 'cmake_args': None, 'cmake_clean_cache': False, 'cmake_clean_first': False, 'cmake_force_configure': False, 'cmake_target': None, 'cmake_target_skip_unavailable': False, 'install_base': '/home/celian/workspace/src/Tasks/install', 'merge_install': True, 'path': '/home/celian/workspace/src/Tasks', 'symlink_install': False, 'test_result_base': None}
[0.245s] INFO:colcon.colcon_core.executor:Executing jobs using 'parallel' executor
[0.246s] DEBUG:colcon.colcon_parallel_executor.executor.parallel:run_until_complete
[0.246s] INFO:colcon.colcon_cmake.task.cmake.build:Building CMake package in '/home/celian/workspace/src/Tasks'
[0.248s] INFO:colcon.colcon_core.plugin_system:Skipping extension 'colcon_core.shell.bat': Not used on non-Windows systems
[0.248s] INFO:colcon.colcon_core.shell:Skip shell extension 'powershell' for command environment: Not usable outside of PowerShell
[0.248s] DEBUG:colcon.colcon_core.shell:Skip shell extension 'dsv' for command environment
[0.256s] DEBUG:colcon.colcon_core.event_handler.log_command:Invoking command in '/home/celian/workspace/src/Tasks/build/Tasks': /usr/bin/cmake --build /home/celian/workspace/src/Tasks/build/Tasks -- -j22 -l22
[16.368s] DEBUG:colcon.colcon_core.event_handler.log_command:Invoked command in '/home/celian/workspace/src/Tasks/build/Tasks' returned '2': /usr/bin/cmake --build /home/celian/workspace/src/Tasks/build/Tasks -- -j22 -l22
[16.378s] DEBUG:colcon.colcon_parallel_executor.executor.parallel:closing loop
[16.378s] DEBUG:colcon.colcon_parallel_executor.executor.parallel:loop closed
[16.378s] DEBUG:colcon.colcon_parallel_executor.executor.parallel:run_until_complete finished with '2'
[16.378s] DEBUG:colcon.colcon_core.event_reactor:joining thread
[16.384s] INFO:colcon.colcon_core.plugin_system:Skipping extension 'colcon_notification.desktop_notification.terminal_notifier': Not used on non-Darwin systems
[16.384s] INFO:colcon.colcon_core.plugin_system:Skipping extension 'colcon_notification.desktop_notification.win32': Not used on non-Windows systems
[16.384s] INFO:colcon.colcon_notification.desktop_notification:Sending desktop notification using 'notify2'
[16.391s] DEBUG:colcon.colcon_core.event_reactor:joined thread
[16.391s] INFO:colcon.colcon_core.shell:Creating prefix script '/home/celian/workspace/src/Tasks/install/local_setup.ps1'
[16.393s] INFO:colcon.colcon_core.shell:Creating prefix util module '/home/celian/workspace/src/Tasks/install/_local_setup_util_ps1.py'
[16.394s] INFO:colcon.colcon_core.shell:Creating prefix chain script '/home/celian/workspace/src/Tasks/install/setup.ps1'
[16.396s] INFO:colcon.colcon_core.shell:Creating prefix script '/home/celian/workspace/src/Tasks/install/local_setup.sh'
[16.396s] INFO:colcon.colcon_core.shell:Creating prefix util module '/home/celian/workspace/src/Tasks/install/_local_setup_util_sh.py'
[16.397s] INFO:colcon.colcon_core.shell:Creating prefix chain script '/home/celian/workspace/src/Tasks/install/setup.sh'
[16.398s] INFO:colcon.colcon_core.shell:Creating prefix script '/home/celian/workspace/src/Tasks/install/local_setup.bash'
[16.398s] INFO:colcon.colcon_core.shell:Creating prefix chain script '/home/celian/workspace/src/Tasks/install/setup.bash'
[16.399s] INFO:colcon.colcon_core.shell:Creating prefix script '/home/celian/workspace/src/Tasks/install/local_setup.zsh'
[16.400s] INFO:colcon.colcon_core.shell:Creating prefix chain script '/home/celian/workspace/src/Tasks/install/setup.zsh'
