-- Configuring "Tasks" (https://github.com/jrl-umi3218/Tasks)
-- The CXX compiler identification is GNU 11.4.0
-- Detecting CXX compiler ABI info
-- Detecting CXX compiler ABI info - done
-- Check for working CXX compiler: /usr/bin/c++ - skipped
-- Detecting CXX compile features
-- Detecting CXX compile features - done
-- Found PkgConfig: /usr/bin/pkg-config (found version "0.29.2")
-- Found Python: /usr/bin/python (found version "3.10.12") found components: Interpreter Development NumPy Development.Module Development.Embed
-- Performing Test R-pedantic
-- Performing Test R-pedantic - Success
-- Performing Test R-Wno-long-long
-- Performing Test R-Wno-long-long - Success
-- Performing Test R-Wall
-- Performing Test R-Wall - Success
-- Performing Test R-Wextra
-- Performing Test R-Wextra - Success
-- Performing Test R-Wcast-align
-- Performing Test R-Wcast-align - Success
-- Performing Test R-Wcast-qual
-- Performing Test R-Wcast-qual - Success
-- Performing Test R-Wformat
-- Performing Test R-Wformat - Success
-- Performing Test R-Wwrite-strings
-- Performing Test R-Wwrite-strings - Success
-- Performing Test R-Wconversion
-- Performing Test R-Wconversion - Success
-- Found Doxygen: /usr/bin/doxygen (found version "1.9.1") found components: doxygen dot
-- Performing Test SSE2_SUPPORTED
-- Performing Test SSE2_SUPPORTED - Success
-- Found Boost: /usr/lib/x86_64-linux-gnu/cmake/Boost-1.74.0/BoostConfig.cmake (found version "1.74.0") found components: system
-- Found RBDyn_TinyXML2: /usr/lib/x86_64-linux-gnu/libtinyxml2.so
-- sch-core not FOUND.
-- Found Boost: /usr/lib/x86_64-linux-gnu/cmake/Boost-1.74.0/BoostConfig.cmake (found version "1.74.0") found components: serialization
-- Found Boost: /usr/lib/x86_64-linux-gnu/cmake/Boost-1.74.0/BoostConfig.cmake (found version "1.74.0") found components: timer
-- target_type: SHARED_LIBRARY
-- Found Boost: /usr/lib/x86_64-linux-gnu/cmake/Boost-1.74.0/BoostConfig.cmake (found version "1.74.0") found components: unit_test_framework timer system
-- Doxygen rendering: using MathJax backend
-- Configuring done (1.3s)
-- Generating done (0.0s)
-- Build files have been written to: /home/celian/workspace/build/Tasks/Tasks
/usr/bin/cmake -S/home/celian/workspace/src/Tasks -B/home/celian/workspace/build/Tasks/Tasks --check-build-system CMakeFiles/Makefile.cmake 0
/usr/bin/cmake -E cmake_progress_start /home/celian/workspace/build/Tasks/Tasks/CMakeFiles /home/celian/workspace/build/Tasks/Tasks//CMakeFiles/progress.marks
/usr/bin/gmake  -f CMakeFiles/Makefile2 all
gmake[1]: Entering directory '/home/celian/workspace/build/Tasks/Tasks'
/usr/bin/gmake  -f src/CMakeFiles/Tasks.dir/build.make src/CMakeFiles/Tasks.dir/depend
gmake[2]: Entering directory '/home/celian/workspace/build/Tasks/Tasks'
cd /home/celian/workspace/build/Tasks/Tasks && /usr/bin/cmake -E cmake_depends "Unix Makefiles" /home/celian/workspace/src/Tasks /home/celian/workspace/src/Tasks/src /home/celian/workspace/build/Tasks/Tasks /home/celian/workspace/build/Tasks/Tasks/src /home/celian/workspace/build/Tasks/Tasks/src/CMakeFiles/Tasks.dir/DependInfo.cmake "--color="
gmake[2]: Leaving directory '/home/celian/workspace/build/Tasks/Tasks'
/usr/bin/gmake  -f src/CMakeFiles/Tasks.dir/build.make src/CMakeFiles/Tasks.dir/build
gmake[2]: Entering directory '/home/celian/workspace/build/Tasks/Tasks'
[  3%] [32mBuilding CXX object src/CMakeFiles/Tasks.dir/Tasks.cpp.o[0m
cd /home/celian/workspace/build/Tasks/Tasks/src && /usr/bin/c++ -DBOOST_ALL_NO_LIB -DBOOST_CHRONO_DYN_LINK -DBOOST_SERIALIZATION_DYN_LINK -DBOOST_TIMER_DYN_LINK -DTasks_EXPORTS -I/home/celian/workspace/build/Tasks/Tasks -I/home/celian/workspace/build/Tasks/Tasks/include -I/home/celian/workspace/src/Tasks/include -I/home/celian/workspace/src/Tasks/src -I/home/celian/workspace/build/Tasks/Tasks/src/../include -isystem /home/celian/workspace/install/include -isystem /usr/include/eigen3 -pedantic -Wno-long-long -Wall -Wextra -Wcast-align -Wcast-qual -Wformat -Wwrite-strings -Wconversion  -Wall -Wextra -pedantic -std=gnu++17 -fPIC   -mfpmath=sse -msse2 -Dtasks_EXPORTS -MD -MT src/CMakeFiles/Tasks.dir/Tasks.cpp.o -MF CMakeFiles/Tasks.dir/Tasks.cpp.o.d -o CMakeFiles/Tasks.dir/Tasks.cpp.o -c /home/celian/workspace/src/Tasks/src/Tasks.cpp
[  7%] [32mBuilding CXX object src/CMakeFiles/Tasks.dir/QPContacts.cpp.o[0m
[ 11%] [32mBuilding CXX object src/CMakeFiles/Tasks.dir/QPSolver.cpp.o[0m
[ 15%] [32mBuilding CXX object src/CMakeFiles/Tasks.dir/QPMotionConstr.cpp.o[0m
cd /home/celian/workspace/build/Tasks/Tasks/src && /usr/bin/c++ -DBOOST_ALL_NO_LIB -DBOOST_CHRONO_DYN_LINK -DBOOST_SERIALIZATION_DYN_LINK -DBOOST_TIMER_DYN_LINK -DTasks_EXPORTS -I/home/celian/workspace/build/Tasks/Tasks -I/home/celian/workspace/build/Tasks/Tasks/include -I/home/celian/workspace/src/Tasks/include -I/home/celian/workspace/src/Tasks/src -I/home/celian/workspace/build/Tasks/Tasks/src/../include -isystem /home/celian/workspace/install/include -isystem /usr/include/eigen3 -pedantic -Wno-long-long -Wall -Wextra -Wcast-align -Wcast-qual -Wformat -Wwrite-strings -Wconversion  -Wall -Wextra -pedantic -std=gnu++17 -fPIC   -mfpmath=sse -msse2 -Dtasks_EXPORTS -MD -MT src/CMakeFiles/Tasks.dir/QPContacts.cpp.o -MF CMakeFiles/Tasks.dir/QPContacts.cpp.o.d -o CMakeFiles/Tasks.dir/QPContacts.cpp.o -c /home/celian/workspace/src/Tasks/src/QPContacts.cpp
[ 19%] [32mBuilding CXX object src/CMakeFiles/Tasks.dir/QPTasks.cpp.o[0m
[ 23%] [32mBuilding CXX object src/CMakeFiles/Tasks.dir/QPConstr.cpp.o[0m
cd /home/celian/workspace/build/Tasks/Tasks/src && /usr/bin/c++ -DBOOST_ALL_NO_LIB -DBOOST_CHRONO_DYN_LINK -DBOOST_SERIALIZATION_DYN_LINK -DBOOST_TIMER_DYN_LINK -DTasks_EXPORTS -I/home/celian/workspace/build/Tasks/Tasks -I/home/celian/workspace/build/Tasks/Tasks/include -I/home/celian/workspace/src/Tasks/include -I/home/celian/workspace/src/Tasks/src -I/home/celian/workspace/build/Tasks/Tasks/src/../include -isystem /home/celian/workspace/install/include -isystem /usr/include/eigen3 -pedantic -Wno-long-long -Wall -Wextra -Wcast-align -Wcast-qual -Wformat -Wwrite-strings -Wconversion  -Wall -Wextra -pedantic -std=gnu++17 -fPIC   -mfpmath=sse -msse2 -Dtasks_EXPORTS -MD -MT src/CMakeFiles/Tasks.dir/QPMotionConstr.cpp.o -MF CMakeFiles/Tasks.dir/QPMotionConstr.cpp.o.d -o CMakeFiles/Tasks.dir/QPMotionConstr.cpp.o -c /home/celian/workspace/src/Tasks/src/QPMotionConstr.cpp
[ 26%] [32mBuilding CXX object src/CMakeFiles/Tasks.dir/QPContactConstr.cpp.o[0m
[ 30%] [32mBuilding CXX object src/CMakeFiles/Tasks.dir/QLDQPSolver.cpp.o[0m
cd /home/celian/workspace/build/Tasks/Tasks/src && /usr/bin/c++ -DBOOST_ALL_NO_LIB -DBOOST_CHRONO_DYN_LINK -DBOOST_SERIALIZATION_DYN_LINK -DBOOST_TIMER_DYN_LINK -DTasks_EXPORTS -I/home/celian/workspace/build/Tasks/Tasks -I/home/celian/workspace/build/Tasks/Tasks/include -I/home/celian/workspace/src/Tasks/include -I/home/celian/workspace/src/Tasks/src -I/home/celian/workspace/build/Tasks/Tasks/src/../include -isystem /home/celian/workspace/install/include -isystem /usr/include/eigen3 -pedantic -Wno-long-long -Wall -Wextra -Wcast-align -Wcast-qual -Wformat -Wwrite-strings -Wconversion  -Wall -Wextra -pedantic -std=gnu++17 -fPIC   -mfpmath=sse -msse2 -Dtasks_EXPORTS -MD -MT src/CMakeFiles/Tasks.dir/QPSolver.cpp.o -MF CMakeFiles/Tasks.dir/QPSolver.cpp.o.d -o CMakeFiles/Tasks.dir/QPSolver.cpp.o -c /home/celian/workspace/src/Tasks/src/QPSolver.cpp
[ 34%] [32mBuilding CXX object src/CMakeFiles/Tasks.dir/QPSolverData.cpp.o[0m
cd /home/celian/workspace/build/Tasks/Tasks/src && /usr/bin/c++ -DBOOST_ALL_NO_LIB -DBOOST_CHRONO_DYN_LINK -DBOOST_SERIALIZATION_DYN_LINK -DBOOST_TIMER_DYN_LINK -DTasks_EXPORTS -I/home/celian/workspace/build/Tasks/Tasks -I/home/celian/workspace/build/Tasks/Tasks/include -I/home/celian/workspace/src/Tasks/include -I/home/celian/workspace/src/Tasks/src -I/home/celian/workspace/build/Tasks/Tasks/src/../include -isystem /home/celian/workspace/install/include -isystem /usr/include/eigen3 -pedantic -Wno-long-long -Wall -Wextra -Wcast-align -Wcast-qual -Wformat -Wwrite-strings -Wconversion  -Wall -Wextra -pedantic -std=gnu++17 -fPIC   -mfpmath=sse -msse2 -Dtasks_EXPORTS -MD -MT src/CMakeFiles/Tasks.dir/QPTasks.cpp.o -MF CMakeFiles/Tasks.dir/QPTasks.cpp.o.d -o CMakeFiles/Tasks.dir/QPTasks.cpp.o -c /home/celian/workspace/src/Tasks/src/QPTasks.cpp
cd /home/celian/workspace/build/Tasks/Tasks/src && /usr/bin/c++ -DBOOST_ALL_NO_LIB -DBOOST_CHRONO_DYN_LINK -DBOOST_SERIALIZATION_DYN_LINK -DBOOST_TIMER_DYN_LINK -DTasks_EXPORTS -I/home/celian/workspace/build/Tasks/Tasks -I/home/celian/workspace/build/Tasks/Tasks/include -I/home/celian/workspace/src/Tasks/include -I/home/celian/workspace/src/Tasks/src -I/home/celian/workspace/build/Tasks/Tasks/src/../include -isystem /home/celian/workspace/install/include -isystem /usr/include/eigen3 -pedantic -Wno-long-long -Wall -Wextra -Wcast-align -Wcast-qual -Wformat -Wwrite-strings -Wconversion  -Wall -Wextra -pedantic -std=gnu++17 -fPIC   -mfpmath=sse -msse2 -Dtasks_EXPORTS -MD -MT src/CMakeFiles/Tasks.dir/QPConstr.cpp.o -MF CMakeFiles/Tasks.dir/QPConstr.cpp.o.d -o CMakeFiles/Tasks.dir/QPConstr.cpp.o -c /home/celian/workspace/src/Tasks/src/QPConstr.cpp
cd /home/celian/workspace/build/Tasks/Tasks/src && /usr/bin/c++ -DBOOST_ALL_NO_LIB -DBOOST_CHRONO_DYN_LINK -DBOOST_SERIALIZATION_DYN_LINK -DBOOST_TIMER_DYN_LINK -DTasks_EXPORTS -I/home/celian/workspace/build/Tasks/Tasks -I/home/celian/workspace/build/Tasks/Tasks/include -I/home/celian/workspace/src/Tasks/include -I/home/celian/workspace/src/Tasks/src -I/home/celian/workspace/build/Tasks/Tasks/src/../include -isystem /home/celian/workspace/install/include -isystem /usr/include/eigen3 -pedantic -Wno-long-long -Wall -Wextra -Wcast-align -Wcast-qual -Wformat -Wwrite-strings -Wconversion  -Wall -Wextra -pedantic -std=gnu++17 -fPIC   -mfpmath=sse -msse2 -Dtasks_EXPORTS -MD -MT src/CMakeFiles/Tasks.dir/QPContactConstr.cpp.o -MF CMakeFiles/Tasks.dir/QPContactConstr.cpp.o.d -o CMakeFiles/Tasks.dir/QPContactConstr.cpp.o -c /home/celian/workspace/src/Tasks/src/QPContactConstr.cpp
cd /home/celian/workspace/build/Tasks/Tasks/src && /usr/bin/c++ -DBOOST_ALL_NO_LIB -DBOOST_CHRONO_DYN_LINK -DBOOST_SERIALIZATION_DYN_LINK -DBOOST_TIMER_DYN_LINK -DTasks_EXPORTS -I/home/celian/workspace/build/Tasks/Tasks -I/home/celian/workspace/build/Tasks/Tasks/include -I/home/celian/workspace/src/Tasks/include -I/home/celian/workspace/src/Tasks/src -I/home/celian/workspace/build/Tasks/Tasks/src/../include -isystem /home/celian/workspace/install/include -isystem /usr/include/eigen3 -pedantic -Wno-long-long -Wall -Wextra -Wcast-align -Wcast-qual -Wformat -Wwrite-strings -Wconversion  -Wall -Wextra -pedantic -std=gnu++17 -fPIC   -mfpmath=sse -msse2 -Dtasks_EXPORTS -MD -MT src/CMakeFiles/Tasks.dir/QLDQPSolver.cpp.o -MF CMakeFiles/Tasks.dir/QLDQPSolver.cpp.o.d -o CMakeFiles/Tasks.dir/QLDQPSolver.cpp.o -c /home/celian/workspace/src/Tasks/src/QLDQPSolver.cpp
cd /home/celian/workspace/build/Tasks/Tasks/src && /usr/bin/c++ -DBOOST_ALL_NO_LIB -DBOOST_CHRONO_DYN_LINK -DBOOST_SERIALIZATION_DYN_LINK -DBOOST_TIMER_DYN_LINK -DTasks_EXPORTS -I/home/celian/workspace/build/Tasks/Tasks -I/home/celian/workspace/build/Tasks/Tasks/include -I/home/celian/workspace/src/Tasks/include -I/home/celian/workspace/src/Tasks/src -I/home/celian/workspace/build/Tasks/Tasks/src/../include -isystem /home/celian/workspace/install/include -isystem /usr/include/eigen3 -pedantic -Wno-long-long -Wall -Wextra -Wcast-align -Wcast-qual -Wformat -Wwrite-strings -Wconversion  -Wall -Wextra -pedantic -std=gnu++17 -fPIC   -mfpmath=sse -msse2 -Dtasks_EXPORTS -MD -MT src/CMakeFiles/Tasks.dir/QPSolverData.cpp.o -MF CMakeFiles/Tasks.dir/QPSolverData.cpp.o.d -o CMakeFiles/Tasks.dir/QPSolverData.cpp.o -c /home/celian/workspace/src/Tasks/src/QPSolverData.cpp
[ 38%] [32mBuilding CXX object src/CMakeFiles/Tasks.dir/GenQPSolver.cpp.o[0m
[ 42%] [32mBuilding CXX object src/CMakeFiles/Tasks.dir/QPCoincidenceConstr.cpp.o[0m
cd /home/celian/workspace/build/Tasks/Tasks/src && /usr/bin/c++ -DBOOST_ALL_NO_LIB -DBOOST_CHRONO_DYN_LINK -DBOOST_SERIALIZATION_DYN_LINK -DBOOST_TIMER_DYN_LINK -DTasks_EXPORTS -I/home/celian/workspace/build/Tasks/Tasks -I/home/celian/workspace/build/Tasks/Tasks/include -I/home/celian/workspace/src/Tasks/include -I/home/celian/workspace/src/Tasks/src -I/home/celian/workspace/build/Tasks/Tasks/src/../include -isystem /home/celian/workspace/install/include -isystem /usr/include/eigen3 -pedantic -Wno-long-long -Wall -Wextra -Wcast-align -Wcast-qual -Wformat -Wwrite-strings -Wconversion  -Wall -Wextra -pedantic -std=gnu++17 -fPIC   -mfpmath=sse -msse2 -Dtasks_EXPORTS -MD -MT src/CMakeFiles/Tasks.dir/GenQPSolver.cpp.o -MF CMakeFiles/Tasks.dir/GenQPSolver.cpp.o.d -o CMakeFiles/Tasks.dir/GenQPSolver.cpp.o -c /home/celian/workspace/src/Tasks/src/GenQPSolver.cpp
cd /home/celian/workspace/build/Tasks/Tasks/src && /usr/bin/c++ -DBOOST_ALL_NO_LIB -DBOOST_CHRONO_DYN_LINK -DBOOST_SERIALIZATION_DYN_LINK -DBOOST_TIMER_DYN_LINK -DTasks_EXPORTS -I/home/celian/workspace/build/Tasks/Tasks -I/home/celian/workspace/build/Tasks/Tasks/include -I/home/celian/workspace/src/Tasks/include -I/home/celian/workspace/src/Tasks/src -I/home/celian/workspace/build/Tasks/Tasks/src/../include -isystem /home/celian/workspace/install/include -isystem /usr/include/eigen3 -pedantic -Wno-long-long -Wall -Wextra -Wcast-align -Wcast-qual -Wformat -Wwrite-strings -Wconversion  -Wall -Wextra -pedantic -std=gnu++17 -fPIC   -mfpmath=sse -msse2 -Dtasks_EXPORTS -MD -MT src/CMakeFiles/Tasks.dir/QPCoincidenceConstr.cpp.o -MF CMakeFiles/Tasks.dir/QPCoincidenceConstr.cpp.o.d -o CMakeFiles/Tasks.dir/QPCoincidenceConstr.cpp.o -c /home/celian/workspace/src/Tasks/src/QPCoincidenceConstr.cpp
[ 46%] [32m[1mLinking CXX shared library libTasks.so[0m
cd /home/celian/workspace/build/Tasks/Tasks/src && /usr/bin/cmake -E cmake_link_script CMakeFiles/Tasks.dir/link.txt --verbose=1
/usr/bin/c++ -fPIC  -pedantic -Wno-long-long -Wall -Wextra -Wcast-align -Wcast-qual -Wformat -Wwrite-strings -Wconversion  -Wall -Wextra -pedantic -shared -Wl,-soname,libTasks.so.1 -o libTasks.so.1.8.1 CMakeFiles/Tasks.dir/Tasks.cpp.o CMakeFiles/Tasks.dir/QPSolver.cpp.o CMakeFiles/Tasks.dir/QPTasks.cpp.o CMakeFiles/Tasks.dir/QPConstr.cpp.o CMakeFiles/Tasks.dir/QPContacts.cpp.o CMakeFiles/Tasks.dir/QPSolverData.cpp.o CMakeFiles/Tasks.dir/QPMotionConstr.cpp.o CMakeFiles/Tasks.dir/GenQPSolver.cpp.o CMakeFiles/Tasks.dir/QPContactConstr.cpp.o CMakeFiles/Tasks.dir/QLDQPSolver.cpp.o CMakeFiles/Tasks.dir/QPCoincidenceConstr.cpp.o  -Wl,-rpath,/home/celian/workspace/install/lib: /home/celian/workspace/install/lib/libRBDyn.so.1.9.1 /home/celian/workspace/install/lib/libsch-core.so.1.4.2 /home/celian/workspace/install/lib/libeigen-qld.so.1.2.5 /usr/lib/x86_64-linux-gnu/libboost_timer.so.1.74.0 /usr/lib/x86_64-linux-gnu/libboost_serialization.so.1.74.0 /usr/lib/x86_64-linux-gnu/libboost_chrono.so.1.74.0
cd /home/celian/workspace/build/Tasks/Tasks/src && /usr/bin/cmake -E cmake_symlink_library libTasks.so.1.8.1 libTasks.so.1 libTasks.so
gmake[2]: Leaving directory '/home/celian/workspace/build/Tasks/Tasks'
[ 46%] Built target Tasks
/usr/bin/gmake  -f tests/CMakeFiles/QPSolverTest.dir/build.make tests/CMakeFiles/QPSolverTest.dir/depend
/usr/bin/gmake  -f tests/CMakeFiles/QPMultiRobotTest.dir/build.make tests/CMakeFiles/QPMultiRobotTest.dir/depend
/usr/bin/gmake  -f tests/CMakeFiles/TasksTest.dir/build.make tests/CMakeFiles/TasksTest.dir/depend
/usr/bin/gmake  -f tests/CMakeFiles/AllocationTest.dir/build.make tests/CMakeFiles/AllocationTest.dir/depend
/usr/bin/gmake  -f binding/python/CMakeFiles/tasks_Python.dir/build.make binding/python/CMakeFiles/tasks_Python.dir/depend
/usr/bin/gmake  -f binding/python/CMakeFiles/tasks_qp_Python.dir/build.make binding/python/CMakeFiles/tasks_qp_Python.dir/depend
gmake[2]: Entering directory '/home/celian/workspace/build/Tasks/Tasks'
cd /home/celian/workspace/build/Tasks/Tasks && /usr/bin/cmake -E cmake_depends "Unix Makefiles" /home/celian/workspace/src/Tasks /home/celian/workspace/src/Tasks/tests /home/celian/workspace/build/Tasks/Tasks /home/celian/workspace/build/Tasks/Tasks/tests /home/celian/workspace/build/Tasks/Tasks/tests/CMakeFiles/QPSolverTest.dir/DependInfo.cmake "--color="
gmake[2]: Entering directory '/home/celian/workspace/build/Tasks/Tasks'
cd /home/celian/workspace/build/Tasks/Tasks && /usr/bin/cmake -E cmake_depends "Unix Makefiles" /home/celian/workspace/src/Tasks /home/celian/workspace/src/Tasks/tests /home/celian/workspace/build/Tasks/Tasks /home/celian/workspace/build/Tasks/Tasks/tests /home/celian/workspace/build/Tasks/Tasks/tests/CMakeFiles/AllocationTest.dir/DependInfo.cmake "--color="
gmake[2]: Entering directory '/home/celian/workspace/build/Tasks/Tasks'
cd /home/celian/workspace/build/Tasks/Tasks && /usr/bin/cmake -E cmake_depends "Unix Makefiles" /home/celian/workspace/src/Tasks /home/celian/workspace/src/Tasks/tests /home/celian/workspace/build/Tasks/Tasks /home/celian/workspace/build/Tasks/Tasks/tests /home/celian/workspace/build/Tasks/Tasks/tests/CMakeFiles/QPMultiRobotTest.dir/DependInfo.cmake "--color="
gmake[2]: Entering directory '/home/celian/workspace/build/Tasks/Tasks'
cd /home/celian/workspace/build/Tasks/Tasks && /usr/bin/cmake -E cmake_depends "Unix Makefiles" /home/celian/workspace/src/Tasks /home/celian/workspace/src/Tasks/tests /home/celian/workspace/build/Tasks/Tasks /home/celian/workspace/build/Tasks/Tasks/tests /home/celian/workspace/build/Tasks/Tasks/tests/CMakeFiles/TasksTest.dir/DependInfo.cmake "--color="
gmake[2]: Entering directory '/home/celian/workspace/build/Tasks/Tasks'
gmake[2]: Entering directory '/home/celian/workspace/build/Tasks/Tasks'
gmake[2]: Leaving directory '/home/celian/workspace/build/Tasks/Tasks'
gmake[2]: Leaving directory '/home/celian/workspace/build/Tasks/Tasks'
/usr/bin/gmake  -f tests/CMakeFiles/QPSolverTest.dir/build.make tests/CMakeFiles/QPSolverTest.dir/build
/usr/bin/gmake  -f tests/CMakeFiles/AllocationTest.dir/build.make tests/CMakeFiles/AllocationTest.dir/build
gmake[2]: Entering directory '/home/celian/workspace/build/Tasks/Tasks'
gmake[2]: Entering directory '/home/celian/workspace/build/Tasks/Tasks'
gmake[2]: Leaving directory '/home/celian/workspace/build/Tasks/Tasks'
/usr/bin/gmake  -f tests/CMakeFiles/QPMultiRobotTest.dir/build.make tests/CMakeFiles/QPMultiRobotTest.dir/build
[ 50%] [34m[1mGenerating Python/tasks/tasks.cpp[0m
cd /home/celian/workspace/build/Tasks/Tasks/binding/python && /usr/bin/python -m cython --cplus -o /home/celian/workspace/build/Tasks/Tasks/binding/python/Python/tasks/tasks.cpp -I/home/celian/workspace/build/Tasks/Tasks -I/home/celian/workspace/build/Tasks/Tasks/include -I/home/celian/workspace/src/Tasks/include -I/home/celian/workspace/src/Tasks/binding/python/include /home/celian/workspace/src/Tasks/binding/python/tasks/tasks.pyx
gmake[2]: Entering directory '/home/celian/workspace/build/Tasks/Tasks'
gmake[2]: Leaving directory '/home/celian/workspace/build/Tasks/Tasks'
/usr/bin/gmake  -f tests/CMakeFiles/TasksTest.dir/build.make tests/CMakeFiles/TasksTest.dir/build
[ 53%] [34m[1mGenerating Python/tasks/qp/qp.cpp[0m
cd /home/celian/workspace/build/Tasks/Tasks/binding/python && /usr/bin/python -m cython --cplus -o /home/celian/workspace/build/Tasks/Tasks/binding/python/Python/tasks/qp/qp.cpp -I/home/celian/workspace/build/Tasks/Tasks -I/home/celian/workspace/build/Tasks/Tasks/include -I/home/celian/workspace/src/Tasks/include -I/home/celian/workspace/src/Tasks/binding/python/include /home/celian/workspace/src/Tasks/binding/python/tasks/qp/qp.pyx
[ 57%] [32mBuilding CXX object tests/CMakeFiles/AllocationTest.dir/AllocationTest.cpp.o[0m
cd /home/celian/workspace/build/Tasks/Tasks/tests && /usr/bin/c++ -DBOOST_ALL_NO_LIB -DBOOST_CHRONO_DYN_LINK -DBOOST_SERIALIZATION_DYN_LINK -DBOOST_TEST_DYN_LINK -DBOOST_TIMER_DYN_LINK -DBOOST_UNIT_TEST_FRAMEWORK_DYN_LINK -I/home/celian/workspace/build/Tasks/Tasks -I/home/celian/workspace/build/Tasks/Tasks/include -I/home/celian/workspace/src/Tasks/include -I/home/celian/workspace/src/Tasks/src -I/home/celian/workspace/build/Tasks/Tasks/src/../include -isystem /home/celian/workspace/install/include -isystem /usr/include/eigen3 -pedantic -Wno-long-long -Wall -Wextra -Wcast-align -Wcast-qual -Wformat -Wwrite-strings -Wconversion  -Wall -Wextra -pedantic -std=gnu++17   -mfpmath=sse -msse2 -MD -MT tests/CMakeFiles/AllocationTest.dir/AllocationTest.cpp.o -MF CMakeFiles/AllocationTest.dir/AllocationTest.cpp.o.d -o CMakeFiles/AllocationTest.dir/AllocationTest.cpp.o -c /home/celian/workspace/src/Tasks/tests/AllocationTest.cpp
gmake[2]: Entering directory '/home/celian/workspace/build/Tasks/Tasks'
[ 61%] [32mBuilding CXX object tests/CMakeFiles/QPMultiRobotTest.dir/QPMultiRobotTest.cpp.o[0m
[ 65%] [32mBuilding CXX object tests/CMakeFiles/QPSolverTest.dir/QPSolverTest.cpp.o[0m
cd /home/celian/workspace/build/Tasks/Tasks/tests && /usr/bin/c++ -DBOOST_ALL_NO_LIB -DBOOST_CHRONO_DYN_LINK -DBOOST_SERIALIZATION_DYN_LINK -DBOOST_TEST_DYN_LINK -DBOOST_TIMER_DYN_LINK -DBOOST_UNIT_TEST_FRAMEWORK_DYN_LINK -I/home/celian/workspace/build/Tasks/Tasks -I/home/celian/workspace/build/Tasks/Tasks/include -I/home/celian/workspace/src/Tasks/include -I/home/celian/workspace/src/Tasks/src -I/home/celian/workspace/build/Tasks/Tasks/src/../include -isystem /home/celian/workspace/install/include -isystem /usr/include/eigen3 -pedantic -Wno-long-long -Wall -Wextra -Wcast-align -Wcast-qual -Wformat -Wwrite-strings -Wconversion  -Wall -Wextra -pedantic -std=gnu++17   -mfpmath=sse -msse2 -MD -MT tests/CMakeFiles/QPMultiRobotTest.dir/QPMultiRobotTest.cpp.o -MF CMakeFiles/QPMultiRobotTest.dir/QPMultiRobotTest.cpp.o.d -o CMakeFiles/QPMultiRobotTest.dir/QPMultiRobotTest.cpp.o -c /home/celian/workspace/src/Tasks/tests/QPMultiRobotTest.cpp
cd /home/celian/workspace/build/Tasks/Tasks/tests && /usr/bin/c++ -DBOOST_ALL_NO_LIB -DBOOST_CHRONO_DYN_LINK -DBOOST_SERIALIZATION_DYN_LINK -DBOOST_TEST_DYN_LINK -DBOOST_TIMER_DYN_LINK -DBOOST_UNIT_TEST_FRAMEWORK_DYN_LINK -I/home/celian/workspace/build/Tasks/Tasks -I/home/celian/workspace/build/Tasks/Tasks/include -I/home/celian/workspace/src/Tasks/include -I/home/celian/workspace/src/Tasks/src -I/home/celian/workspace/build/Tasks/Tasks/src/../include -isystem /home/celian/workspace/install/include -isystem /usr/include/eigen3 -pedantic -Wno-long-long -Wall -Wextra -Wcast-align -Wcast-qual -Wformat -Wwrite-strings -Wconversion  -Wall -Wextra -pedantic -std=gnu++17   -mfpmath=sse -msse2 -MD -MT tests/CMakeFiles/QPSolverTest.dir/QPSolverTest.cpp.o -MF CMakeFiles/QPSolverTest.dir/QPSolverTest.cpp.o.d -o CMakeFiles/QPSolverTest.dir/QPSolverTest.cpp.o -c /home/celian/workspace/src/Tasks/tests/QPSolverTest.cpp
[ 69%] [32mBuilding CXX object tests/CMakeFiles/TasksTest.dir/TasksTest.cpp.o[0m
cd /home/celian/workspace/build/Tasks/Tasks/tests && /usr/bin/c++ -DBOOST_ALL_NO_LIB -DBOOST_CHRONO_DYN_LINK -DBOOST_SERIALIZATION_DYN_LINK -DBOOST_TEST_DYN_LINK -DBOOST_TIMER_DYN_LINK -DBOOST_UNIT_TEST_FRAMEWORK_DYN_LINK -I/home/celian/workspace/build/Tasks/Tasks -I/home/celian/workspace/build/Tasks/Tasks/include -I/home/celian/workspace/src/Tasks/include -I/home/celian/workspace/src/Tasks/src -I/home/celian/workspace/build/Tasks/Tasks/src/../include -isystem /home/celian/workspace/install/include -isystem /usr/include/eigen3 -pedantic -Wno-long-long -Wall -Wextra -Wcast-align -Wcast-qual -Wformat -Wwrite-strings -Wconversion  -Wall -Wextra -pedantic -std=gnu++17   -mfpmath=sse -msse2 -MD -MT tests/CMakeFiles/TasksTest.dir/TasksTest.cpp.o -MF CMakeFiles/TasksTest.dir/TasksTest.cpp.o.d -o CMakeFiles/TasksTest.dir/TasksTest.cpp.o -c /home/celian/workspace/src/Tasks/tests/TasksTest.cpp
cd /home/celian/workspace/build/Tasks/Tasks && /usr/bin/cmake -E cmake_depends "Unix Makefiles" /home/celian/workspace/src/Tasks /home/celian/workspace/src/Tasks/binding/python /home/celian/workspace/build/Tasks/Tasks /home/celian/workspace/build/Tasks/Tasks/binding/python /home/celian/workspace/build/Tasks/Tasks/binding/python/CMakeFiles/tasks_Python.dir/DependInfo.cmake "--color="
gmake[2]: Leaving directory '/home/celian/workspace/build/Tasks/Tasks'
/usr/bin/gmake  -f binding/python/CMakeFiles/tasks_Python.dir/build.make binding/python/CMakeFiles/tasks_Python.dir/build
gmake[2]: Entering directory '/home/celian/workspace/build/Tasks/Tasks'
[ 73%] [32mBuilding CXX object binding/python/CMakeFiles/tasks_Python.dir/Python/tasks/tasks.cpp.o[0m
cd /home/celian/workspace/build/Tasks/Tasks/binding/python && /usr/bin/c++ -DBOOST_ALL_NO_LIB -DBOOST_CHRONO_DYN_LINK -DBOOST_SERIALIZATION_DYN_LINK -DBOOST_TIMER_DYN_LINK -Dtasks_Python_EXPORTS -I/home/celian/workspace/build/Tasks/Tasks -I/home/celian/workspace/build/Tasks/Tasks/include -I/home/celian/workspace/src/Tasks/include -I/home/celian/workspace/src/Tasks/binding/python/include -I/home/celian/workspace/src/Tasks/src -I/home/celian/workspace/build/Tasks/Tasks/src/../include -isystem /usr/include/python3.10 -isystem /home/celian/workspace/install/include -isystem /usr/include/eigen3 -isystem /home/celian/.local/lib/python3.10/site-packages/numpy/core/include -pedantic -Wno-long-long -Wall -Wextra -Wcast-align -Wcast-qual -Wformat -Wwrite-strings -Wconversion  -Wall -Wextra -pedantic -std=gnu++17 -fPIC -fvisibility=default   -mfpmath=sse -msse2 -Wno-cast-qual -Wno-cpp -Wno-conversion -Wno-overflow -Wno-unused-variable -Wno-unused-function -MD -MT binding/python/CMakeFiles/tasks_Python.dir/Python/tasks/tasks.cpp.o -MF CMakeFiles/tasks_Python.dir/Python/tasks/tasks.cpp.o.d -o CMakeFiles/tasks_Python.dir/Python/tasks/tasks.cpp.o -c /home/celian/workspace/build/Tasks/Tasks/binding/python/Python/tasks/tasks.cpp
cd /home/celian/workspace/build/Tasks/Tasks && /usr/bin/cmake -E cmake_depends "Unix Makefiles" /home/celian/workspace/src/Tasks /home/celian/workspace/src/Tasks/binding/python /home/celian/workspace/build/Tasks/Tasks /home/celian/workspace/build/Tasks/Tasks/binding/python /home/celian/workspace/build/Tasks/Tasks/binding/python/CMakeFiles/tasks_qp_Python.dir/DependInfo.cmake "--color="
gmake[2]: Leaving directory '/home/celian/workspace/build/Tasks/Tasks'
/usr/bin/gmake  -f binding/python/CMakeFiles/tasks_qp_Python.dir/build.make binding/python/CMakeFiles/tasks_qp_Python.dir/build
gmake[2]: Entering directory '/home/celian/workspace/build/Tasks/Tasks'
[ 76%] [32mBuilding CXX object binding/python/CMakeFiles/tasks_qp_Python.dir/Python/tasks/qp/qp.cpp.o[0m
cd /home/celian/workspace/build/Tasks/Tasks/binding/python && /usr/bin/c++ -DBOOST_ALL_NO_LIB -DBOOST_CHRONO_DYN_LINK -DBOOST_SERIALIZATION_DYN_LINK -DBOOST_TIMER_DYN_LINK -Dtasks_qp_Python_EXPORTS -I/home/celian/workspace/build/Tasks/Tasks -I/home/celian/workspace/build/Tasks/Tasks/include -I/home/celian/workspace/src/Tasks/include -I/home/celian/workspace/src/Tasks/binding/python/include -I/home/celian/workspace/src/Tasks/src -I/home/celian/workspace/build/Tasks/Tasks/src/../include -isystem /usr/include/python3.10 -isystem /home/celian/workspace/install/include -isystem /usr/include/eigen3 -isystem /home/celian/.local/lib/python3.10/site-packages/numpy/core/include -pedantic -Wno-long-long -Wall -Wextra -Wcast-align -Wcast-qual -Wformat -Wwrite-strings -Wconversion  -Wall -Wextra -pedantic -std=gnu++17 -fPIC -fvisibility=default   -mfpmath=sse -msse2 -Wno-cast-qual -Wno-cpp -Wno-conversion -Wno-overflow -Wno-unused-variable -Wno-unused-function -MD -MT binding/python/CMakeFiles/tasks_qp_Python.dir/Python/tasks/qp/qp.cpp.o -MF CMakeFiles/tasks_qp_Python.dir/Python/tasks/qp/qp.cpp.o.d -o CMakeFiles/tasks_qp_Python.dir/Python/tasks/qp/qp.cpp.o -c /home/celian/workspace/build/Tasks/Tasks/binding/python/Python/tasks/qp/qp.cpp
[ 80%] [32m[1mLinking CXX executable AllocationTest[0m
cd /home/celian/workspace/build/Tasks/Tasks/tests && /usr/bin/cmake -E cmake_link_script CMakeFiles/AllocationTest.dir/link.txt --verbose=1
/usr/bin/c++  -pedantic -Wno-long-long -Wall -Wextra -Wcast-align -Wcast-qual -Wformat -Wwrite-strings -Wconversion  -Wall -Wextra -pedantic CMakeFiles/AllocationTest.dir/AllocationTest.cpp.o -o AllocationTest  -Wl,-rpath,/home/celian/workspace/build/Tasks/Tasks/src:/home/celian/workspace/install/lib ../src/libTasks.so.1.8.1 /usr/lib/x86_64-linux-gnu/libboost_unit_test_framework.so.1.74.0 /home/celian/workspace/install/lib/libRBDyn.so.1.9.1 /home/celian/workspace/install/lib/libsch-core.so.1.4.2 /usr/lib/x86_64-linux-gnu/libboost_serialization.so.1.74.0 /home/celian/workspace/install/lib/libeigen-qld.so.1.2.5 /usr/lib/x86_64-linux-gnu/libboost_timer.so.1.74.0 /usr/lib/x86_64-linux-gnu/libboost_chrono.so.1.74.0
gmake[2]: Leaving directory '/home/celian/workspace/build/Tasks/Tasks'
[ 84%] [32m[1mLinking CXX executable TasksTest[0m
cd /home/celian/workspace/build/Tasks/Tasks/tests && /usr/bin/cmake -E cmake_link_script CMakeFiles/TasksTest.dir/link.txt --verbose=1
/usr/bin/c++  -pedantic -Wno-long-long -Wall -Wextra -Wcast-align -Wcast-qual -Wformat -Wwrite-strings -Wconversion  -Wall -Wextra -pedantic CMakeFiles/TasksTest.dir/TasksTest.cpp.o -o TasksTest  -Wl,-rpath,/home/celian/workspace/build/Tasks/Tasks/src:/home/celian/workspace/install/lib ../src/libTasks.so.1.8.1 /usr/lib/x86_64-linux-gnu/libboost_unit_test_framework.so.1.74.0 /home/celian/workspace/install/lib/libRBDyn.so.1.9.1 /home/celian/workspace/install/lib/libsch-core.so.1.4.2 /usr/lib/x86_64-linux-gnu/libboost_serialization.so.1.74.0 /home/celian/workspace/install/lib/libeigen-qld.so.1.2.5 /usr/lib/x86_64-linux-gnu/libboost_timer.so.1.74.0 /usr/lib/x86_64-linux-gnu/libboost_chrono.so.1.74.0
gmake[2]: Leaving directory '/home/celian/workspace/build/Tasks/Tasks'
[ 88%] [32m[1mLinking CXX executable QPMultiRobotTest[0m
cd /home/celian/workspace/build/Tasks/Tasks/tests && /usr/bin/cmake -E cmake_link_script CMakeFiles/QPMultiRobotTest.dir/link.txt --verbose=1
/usr/bin/c++  -pedantic -Wno-long-long -Wall -Wextra -Wcast-align -Wcast-qual -Wformat -Wwrite-strings -Wconversion  -Wall -Wextra -pedantic CMakeFiles/QPMultiRobotTest.dir/QPMultiRobotTest.cpp.o -o QPMultiRobotTest  -Wl,-rpath,/home/celian/workspace/build/Tasks/Tasks/src:/home/celian/workspace/install/lib ../src/libTasks.so.1.8.1 /usr/lib/x86_64-linux-gnu/libboost_unit_test_framework.so.1.74.0 /home/celian/workspace/install/lib/libRBDyn.so.1.9.1 /home/celian/workspace/install/lib/libsch-core.so.1.4.2 /usr/lib/x86_64-linux-gnu/libboost_serialization.so.1.74.0 /home/celian/workspace/install/lib/libeigen-qld.so.1.2.5 /usr/lib/x86_64-linux-gnu/libboost_timer.so.1.74.0 /usr/lib/x86_64-linux-gnu/libboost_chrono.so.1.74.0
gmake[2]: Leaving directory '/home/celian/workspace/build/Tasks/Tasks'
[ 92%] [32m[1mLinking CXX shared module Python/tasks/tasks/tasks.so[0m
cd /home/celian/workspace/build/Tasks/Tasks/binding/python && /usr/bin/cmake -E cmake_link_script CMakeFiles/tasks_Python.dir/link.txt --verbose=1
/usr/bin/c++ -fPIC  -pedantic -Wno-long-long -Wall -Wextra -Wcast-align -Wcast-qual -Wformat -Wwrite-strings -Wconversion  -Wall -Wextra -pedantic -shared  -o Python/tasks/tasks/tasks.so CMakeFiles/tasks_Python.dir/Python/tasks/tasks.cpp.o  -Wl,-rpath,/home/celian/workspace/build/Tasks/Tasks/src:/home/celian/workspace/install/lib ../../src/libTasks.so.1.8.1 /usr/lib/x86_64-linux-gnu/libpython3.10.so /home/celian/workspace/install/lib/libRBDyn.so.1.9.1 /home/celian/workspace/install/lib/libsch-core.so.1.4.2 /usr/lib/x86_64-linux-gnu/libboost_serialization.so.1.74.0 /home/celian/workspace/install/lib/libeigen-qld.so.1.2.5 /usr/lib/x86_64-linux-gnu/libboost_timer.so.1.74.0 /usr/lib/x86_64-linux-gnu/libboost_chrono.so.1.74.0
gmake[2]: Leaving directory '/home/celian/workspace/build/Tasks/Tasks'
[ 92%] Built target tasks_Python
[ 96%] [32m[1mLinking CXX executable QPSolverTest[0m
cd /home/celian/workspace/build/Tasks/Tasks/tests && /usr/bin/cmake -E cmake_link_script CMakeFiles/QPSolverTest.dir/link.txt --verbose=1
/usr/bin/c++  -pedantic -Wno-long-long -Wall -Wextra -Wcast-align -Wcast-qual -Wformat -Wwrite-strings -Wconversion  -Wall -Wextra -pedantic CMakeFiles/QPSolverTest.dir/QPSolverTest.cpp.o -o QPSolverTest  -Wl,-rpath,/home/celian/workspace/build/Tasks/Tasks/src:/home/celian/workspace/install/lib ../src/libTasks.so.1.8.1 /usr/lib/x86_64-linux-gnu/libboost_unit_test_framework.so.1.74.0 /home/celian/workspace/install/lib/libRBDyn.so.1.9.1 /home/celian/workspace/install/lib/libsch-core.so.1.4.2 /usr/lib/x86_64-linux-gnu/libboost_serialization.so.1.74.0 /home/celian/workspace/install/lib/libeigen-qld.so.1.2.5 /usr/lib/x86_64-linux-gnu/libboost_timer.so.1.74.0 /usr/lib/x86_64-linux-gnu/libboost_chrono.so.1.74.0
gmake[2]: Leaving directory '/home/celian/workspace/build/Tasks/Tasks'
[100%] [32m[1mLinking CXX shared module Python/tasks/tasks/qp/qp.so[0m
cd /home/celian/workspace/build/Tasks/Tasks/binding/python && /usr/bin/cmake -E cmake_link_script CMakeFiles/tasks_qp_Python.dir/link.txt --verbose=1
/usr/bin/c++ -fPIC  -pedantic -Wno-long-long -Wall -Wextra -Wcast-align -Wcast-qual -Wformat -Wwrite-strings -Wconversion  -Wall -Wextra -pedantic -shared  -o Python/tasks/tasks/qp/qp.so CMakeFiles/tasks_qp_Python.dir/Python/tasks/qp/qp.cpp.o  -Wl,-rpath,/home/celian/workspace/build/Tasks/Tasks/src:/home/celian/workspace/install/lib ../../src/libTasks.so.1.8.1 /usr/lib/x86_64-linux-gnu/libpython3.10.so /home/celian/workspace/install/lib/libRBDyn.so.1.9.1 /home/celian/workspace/install/lib/libsch-core.so.1.4.2 /usr/lib/x86_64-linux-gnu/libboost_serialization.so.1.74.0 /home/celian/workspace/install/lib/libeigen-qld.so.1.2.5 /usr/lib/x86_64-linux-gnu/libboost_timer.so.1.74.0 /usr/lib/x86_64-linux-gnu/libboost_chrono.so.1.74.0
gmake[2]: Leaving directory '/home/celian/workspace/build/Tasks/Tasks'
[100%] Built target tasks_qp_Python
gmake[1]: Leaving directory '/home/celian/workspace/build/Tasks/Tasks'
